<?xml version="1.0" encoding="UTF-8"?>
<testsuite xmlns:xsi="http://www.w3.org/2001/XMLSchema-instance" xsi:noNamespaceSchemaLocation="https://maven.apache.org/surefire/maven-surefire-plugin/xsd/surefire-test-report-3.0.xsd" version="3.0" name="com.udacity.security.service.SecurityServiceTest" time="0.589" tests="15" errors="0" skipped="0" failures="0">
  <properties>
[...]
</properties>
  <testcase name="ifNotCatImage_changeToNoAlarm_asLongAsSensorsNotActive" classname="com.udacity.security.service.SecurityServiceTest" time="0.524"/>
  <testcase name="ifAlreadyInactive_deactiveSensor_noChangeToAlarmState" classname="com.udacity.security.service.SecurityServiceTest" time="0.003"/>
  <testcase name="ifDisarmedOrArmedAway_detectCat_armedAndAlarm(ArmingStatus)[1]" classname="com.udacity.security.service.SecurityServiceTest" time="0.01"/>
  <testcase name="ifDisarmedOrArmedAway_detectCat_armedAndAlarm(ArmingStatus)[2]" classname="com.udacity.security.service.SecurityServiceTest" time="0.002"/>
  <testcase name="ifPendingAlarm_allSensorInactive_returnToNoAlarm" classname="com.udacity.security.service.SecurityServiceTest" time="0.002"/>
  <testcase name="ifArmedSystem_resetSensorsToInactive(ArmingStatus)[1]" classname="com.udacity.security.service.SecurityServiceTest" time="0.003"/>
  <testcase name="ifArmedSystem_resetSensorsToInactive(ArmingStatus)[2]" classname="com.udacity.security.service.SecurityServiceTest" time="0.002"/>
  <testcase name="ifAlarmActive_changeSensorState_notAffectAlarmState(boolean)[1]" classname="com.udacity.security.service.SecurityServiceTest" time="0.003"/>
  <testcase name="ifAlarmActive_changeSensorState_notAffectAlarmState(boolean)[2]" classname="com.udacity.security.service.SecurityServiceTest" time="0.002"/>
  <testcase name="ifCatImage_armedHome_systemAlarmState" classname="com.udacity.security.service.SecurityServiceTest" time="0.002"/>
  <testcase name="ifDisarmedSystem_setToNoAlarm" classname="com.udacity.security.service.SecurityServiceTest" time="0.001"/>
  <testcase name="ifAlarmArmed_sensorActivated_systemPendingAlarm" classname="com.udacity.security.service.SecurityServiceTest" time="0.002"/>
  <testcase name="idAlarmArmed_sensorActivated_pendingAlarm_setAlarm" classname="com.udacity.security.service.SecurityServiceTest" time="0.001"/>
  <testcase name="ifAlreadyActive_activateSensor_systemPendingState_changeToAlarmState" classname="com.udacity.security.service.SecurityServiceTest" time="0.001"/>
  <testcase name="ifDeActiveActiveSensor_pendingAlarm_toNoAlarm" classname="com.udacity.security.service.SecurityServiceTest" time="0.002"/>
</testsuite>